::1 - - [26/Sep/2019:03:55:14 +0000] "GET /api/car/list HTTP/1.1" 404 160 "http://localhost:3000/dev" "Mozilla/5.0 (Windows NT 6.1; Win64; x64) AppleWebKit/537.36 (KHTML, like Gecko) Chrome/77.0.3865.90 Safari/537.36"
::1 - - [26/Sep/2019:04:04:27 +0000] "GET /api/car/list HTTP/1.1" - - "http://106.54.204.54/dev" "Mozilla/5.0 (Windows NT 6.1; Win64; x64) AppleWebKit/537.36 (KHTML, like Gecko) Chrome/77.0.3865.90 Safari/537.36"
::1 - - [26/Sep/2019:07:11:01 +0000] "GET /api/car/list HTTP/1.1" - - "http://106.54.204.54/dev" "Mozilla/5.0 (Windows NT 6.1; Win64; x64) AppleWebKit/537.36 (KHTML, like Gecko) Chrome/77.0.3865.90 Safari/537.36"
::1 - - [26/Sep/2019:07:23:19 +0000] "OPTIONS /api/user/login HTTP/1.1" 200 4 "http://localhost:3000/login" "Mozilla/5.0 (Windows NT 6.1; Win64; x64) AppleWebKit/537.36 (KHTML, like Gecko) Chrome/77.0.3865.90 Safari/537.36"
::1 - - [26/Sep/2019:07:23:33 +0000] "OPTIONS /api/user/login HTTP/1.1" 200 4 "http://localhost:3000/login" "Mozilla/5.0 (Windows NT 6.1; Win64; x64) AppleWebKit/537.36 (KHTML, like Gecko) Chrome/77.0.3865.90 Safari/537.36"
::1 - - [26/Sep/2019:07:23:42 +0000] "OPTIONS /api/user/login HTTP/1.1" 200 4 "http://localhost:3000/login" "Mozilla/5.0 (Windows NT 6.1; Win64; x64) AppleWebKit/537.36 (KHTML, like Gecko) Chrome/77.0.3865.90 Safari/537.36"
::1 - - [26/Sep/2019:07:24:14 +0000] "GET / HTTP/1.1" - - "-" "Mozilla/5.0 (Windows NT 6.1; Win64; x64) AppleWebKit/537.36 (KHTML, like Gecko) Chrome/77.0.3865.90 Safari/537.36"
::1 - - [26/Sep/2019:07:24:14 +0000] "GET / HTTP/1.1" - - "-" "Mozilla/5.0 (Windows NT 6.1; Win64; x64) AppleWebKit/537.36 (KHTML, like Gecko) Chrome/77.0.3865.90 Safari/537.36"
::1 - - [26/Sep/2019:07:24:16 +0000] "GET /api/user/login-test HTTP/1.1" - - "-" "Mozilla/5.0 (Windows NT 6.1; Win64; x64) AppleWebKit/537.36 (KHTML, like Gecko) Chrome/77.0.3865.90 Safari/537.36"
::1 - - [26/Sep/2019:07:24:17 +0000] "GET /api/user/login-test HTTP/1.1" - - "-" "Mozilla/5.0 (Windows NT 6.1; Win64; x64) AppleWebKit/537.36 (KHTML, like Gecko) Chrome/77.0.3865.90 Safari/537.36"
::1 - - [26/Sep/2019:07:24:17 +0000] "GET /api/user/login-test HTTP/1.1" - - "-" "Mozilla/5.0 (Windows NT 6.1; Win64; x64) AppleWebKit/537.36 (KHTML, like Gecko) Chrome/77.0.3865.90 Safari/537.36"
::1 - - [26/Sep/2019:07:24:17 +0000] "GET /api/user/login-test HTTP/1.1" - - "-" "Mozilla/5.0 (Windows NT 6.1; Win64; x64) AppleWebKit/537.36 (KHTML, like Gecko) Chrome/77.0.3865.90 Safari/537.36"
::1 - - [26/Sep/2019:07:24:18 +0000] "GET /api/user/login-test HTTP/1.1" - - "-" "Mozilla/5.0 (Windows NT 6.1; Win64; x64) AppleWebKit/537.36 (KHTML, like Gecko) Chrome/77.0.3865.90 Safari/537.36"
::1 - - [26/Sep/2019:07:24:31 +0000] "OPTIONS /api/user/login HTTP/1.1" 200 4 "http://localhost:3000/login" "Mozilla/5.0 (Windows NT 6.1; Win64; x64) AppleWebKit/537.36 (KHTML, like Gecko) Chrome/77.0.3865.90 Safari/537.36"
::1 - - [26/Sep/2019:07:26:18 +0000] "GET /api/user/login-test HTTP/1.1" - - "-" "Mozilla/5.0 (Windows NT 6.1; Win64; x64) AppleWebKit/537.36 (KHTML, like Gecko) Chrome/77.0.3865.90 Safari/537.36"
::1 - - [26/Sep/2019:07:26:32 +0000] "OPTIONS /api/user/login HTTP/1.1" 200 4 "http://localhost:3000/login" "Mozilla/5.0 (Windows NT 6.1; Win64; x64) AppleWebKit/537.36 (KHTML, like Gecko) Chrome/77.0.3865.90 Safari/537.36"
::1 - - [26/Sep/2019:07:26:47 +0000] "OPTIONS /api/user/login HTTP/1.1" 200 4 "http://localhost:3000/login" "Mozilla/5.0 (Windows NT 6.1; Win64; x64) AppleWebKit/537.36 (KHTML, like Gecko) Chrome/77.0.3865.90 Safari/537.36"
::1 - - [26/Sep/2019:07:26:51 +0000] "OPTIONS /api/user/login HTTP/1.1" 200 4 "http://localhost:3000/login" "Mozilla/5.0 (Windows NT 6.1; Win64; x64) AppleWebKit/537.36 (KHTML, like Gecko) Chrome/77.0.3865.90 Safari/537.36"
::1 - - [26/Sep/2019:07:26:57 +0000] "GET /api/user/login-test HTTP/1.1" - - "-" "Mozilla/5.0 (Windows NT 6.1; Win64; x64) AppleWebKit/537.36 (KHTML, like Gecko) Chrome/77.0.3865.90 Safari/537.36"
::1 - - [26/Sep/2019:07:26:58 +0000] "GET /api/user/login-test HTTP/1.1" - - "-" "Mozilla/5.0 (Windows NT 6.1; Win64; x64) AppleWebKit/537.36 (KHTML, like Gecko) Chrome/77.0.3865.90 Safari/537.36"
::1 - - [26/Sep/2019:07:28:58 +0000] "GET /api/user/login-test HTTP/1.1" - - "-" "Mozilla/5.0 (Windows NT 6.1; Win64; x64) AppleWebKit/537.36 (KHTML, like Gecko) Chrome/77.0.3865.90 Safari/537.36"
::1 - - [26/Sep/2019:07:29:23 +0000] "GET /api/user/login-test HTTP/1.1" - - "-" "Mozilla/5.0 (Windows NT 6.1; Win64; x64) AppleWebKit/537.36 (KHTML, like Gecko) Chrome/77.0.3865.90 Safari/537.36"
::1 - - [26/Sep/2019:07:34:31 +0000] "GET /api/user/login-test HTTP/1.1" 304 - "-" "Mozilla/5.0 (Windows NT 6.1; Win64; x64) AppleWebKit/537.36 (KHTML, like Gecko) Chrome/77.0.3865.90 Safari/537.36"
::1 - - [26/Sep/2019:07:34:32 +0000] "GET /api/user/login-test HTTP/1.1" 304 - "-" "Mozilla/5.0 (Windows NT 6.1; Win64; x64) AppleWebKit/537.36 (KHTML, like Gecko) Chrome/77.0.3865.90 Safari/537.36"
::1 - - [26/Sep/2019:07:34:37 +0000] "OPTIONS /api/user/checkUser HTTP/1.1" 200 4 "http://localhost:3000/register" "Mozilla/5.0 (Windows NT 6.1; Win64; x64) AppleWebKit/537.36 (KHTML, like Gecko) Chrome/77.0.3865.90 Safari/537.36"
::1 - - [26/Sep/2019:07:35:15 +0000] "GET /api/user/login-test HTTP/1.1" 304 - "-" "Mozilla/5.0 (Windows NT 6.1; Win64; x64) AppleWebKit/537.36 (KHTML, like Gecko) Chrome/77.0.3865.90 Safari/537.36"
